<?xml version="1.0" encoding="UTF-8"?>
<!-- Generated by org.testng.reporters.JUnitXMLReporter -->
<testsuite ignored="0" hostname="MSI" failures="0" tests="4" name="Test" time="22.908" errors="0" timestamp="2022-09-01T20:55:21 IST">
  <testcase classname="tests.TwoTest" name="testTwo" time="0.004"/>
  <testcase classname="tests.ThreeTest" name="testThree" time="0.001"/>
  <testcase classname="tests.LoginTest" name="login" time="1.637"/>
  <testcase classname="tests.LoginTest" name="login" time="11.142"/>
</testsuite> <!-- Test -->
