<?xml version="1.0" encoding="UTF-8"?>
<testng-results ignored="0" total="4" passed="4" failed="0" skipped="0">
  <reporter-output>
  </reporter-output>
  <suite started-at="2022-09-01T20:54:58 IST" name="Suite" finished-at="2022-09-01T20:55:21 IST" duration-ms="22908">
    <groups>
    </groups>
    <test started-at="2022-09-01T20:54:58 IST" name="Test" finished-at="2022-09-01T20:55:21 IST" duration-ms="22908">
      <class name="tests.LoginTest">
        <test-method is-config="true" signature="openApplication()[pri:0, instance:tests.LoginTest@f78a47e]" started-at="2022-09-01T20:54:58 IST" name="openApplication" finished-at="2022-09-01T20:55:04 IST" duration-ms="5641" status="PASS">
          <reporter-output>
          </reporter-output>
        </test-method> <!-- openApplication -->
        <test-method signature="login(java.lang.String,java.lang.String,java.lang.String)[pri:0, instance:tests.LoginTest@f78a47e]" started-at="2022-09-01T20:55:04 IST" name="login" data-provider="getLoginData" finished-at="2022-09-01T20:55:05 IST" duration-ms="1637" status="PASS">
          <params>
            <param index="0">
              <value>
                <![CDATA[phaniatw2@gmail.com]]>
              </value>
            </param>
            <param index="1">
              <value>
                <![CDATA[atw@123]]>
              </value>
            </param>
            <param index="2">
              <value>
                <![CDATA[Successful]]>
              </value>
            </param>
          </params>
          <reporter-output>
          </reporter-output>
        </test-method> <!-- login -->
        <test-method is-config="true" signature="tearDown()[pri:0, instance:tests.LoginTest@f78a47e]" started-at="2022-09-01T20:55:05 IST" name="tearDown" finished-at="2022-09-01T20:55:05 IST" duration-ms="132" status="PASS">
          <reporter-output>
          </reporter-output>
        </test-method> <!-- tearDown -->
        <test-method is-config="true" signature="openApplication()[pri:0, instance:tests.LoginTest@f78a47e]" started-at="2022-09-01T20:55:05 IST" name="openApplication" finished-at="2022-09-01T20:55:10 IST" duration-ms="4193" status="PASS">
          <reporter-output>
          </reporter-output>
        </test-method> <!-- openApplication -->
        <test-method signature="login(java.lang.String,java.lang.String,java.lang.String)[pri:0, instance:tests.LoginTest@f78a47e]" started-at="2022-09-01T20:55:10 IST" name="login" data-provider="getLoginData" finished-at="2022-09-01T20:55:21 IST" duration-ms="11142" status="PASS">
          <params>
            <param index="0">
              <value>
                <![CDATA[sample@test.com]]>
              </value>
            </param>
            <param index="1">
              <value>
                <![CDATA[test123]]>
              </value>
            </param>
            <param index="2">
              <value>
                <![CDATA[failure]]>
              </value>
            </param>
          </params>
          <reporter-output>
          </reporter-output>
        </test-method> <!-- login -->
        <test-method is-config="true" signature="tearDown()[pri:0, instance:tests.LoginTest@f78a47e]" started-at="2022-09-01T20:55:21 IST" name="tearDown" finished-at="2022-09-01T20:55:21 IST" duration-ms="108" status="PASS">
          <reporter-output>
          </reporter-output>
        </test-method> <!-- tearDown -->
      </class> <!-- tests.LoginTest -->
      <class name="tests.ThreeTest">
        <test-method signature="testThree()[pri:0, instance:tests.ThreeTest@46cdf8bd]" started-at="2022-09-01T20:54:58 IST" name="testThree" finished-at="2022-09-01T20:54:58 IST" duration-ms="1" status="PASS">
          <reporter-output>
          </reporter-output>
        </test-method> <!-- testThree -->
      </class> <!-- tests.ThreeTest -->
      <class name="tests.TwoTest">
        <test-method signature="testTwo()[pri:0, instance:tests.TwoTest@1e6a3214]" started-at="2022-09-01T20:54:58 IST" name="testTwo" finished-at="2022-09-01T20:54:58 IST" duration-ms="4" status="PASS">
          <reporter-output>
          </reporter-output>
        </test-method> <!-- testTwo -->
      </class> <!-- tests.TwoTest -->
    </test> <!-- Test -->
  </suite> <!-- Suite -->
</testng-results>
